<?xml version="1.0" encoding="UTF-8"?>
<robot generator="Robot 3.1.2 (Python 3.7.3 on win32)" generated="20190618 11:34:21.852" rpa="false">
<suite id="s1" name="Locators" source="C:\development\robot-scripts\firstproject_Main_clone\tests\locators.robot">
<test id="s1-t1" name="Do Some Custom Thing">
<kw name="Begin Web test" library="Common" type="setup">
<kw name="open browser">
<arguments>
<arg>${URL}</arg>
<arg>${Browser}</arg>
</arguments>
<msg timestamp="20190618 11:34:21.901" level="FAIL">No keyword with name 'open browser' found.</msg>
<status status="FAIL" starttime="20190618 11:34:21.901" endtime="20190618 11:34:21.901"></status>
</kw>
<status status="FAIL" starttime="20190618 11:34:21.899" endtime="20190618 11:34:21.901"></status>
</kw>
<kw name="End Web test" library="Common" type="teardown">
<kw name="close browser">
<msg timestamp="20190618 11:34:21.903" level="FAIL">No keyword with name 'close browser' found.</msg>
<status status="FAIL" starttime="20190618 11:34:21.903" endtime="20190618 11:34:21.903"></status>
</kw>
<status status="FAIL" starttime="20190618 11:34:21.902" endtime="20190618 11:34:21.904">No keyword with name 'close browser' found.</status>
</kw>
<status status="FAIL" starttime="20190618 11:34:21.899" endtime="20190618 11:34:21.904" critical="yes">Setup failed:
No keyword with name 'open browser' found.

Also teardown failed:
No keyword with name 'close browser' found.</status>
</test>
<test id="s1-t2" name="User should be able to search product on Amazon website">
<kw name="Begin Web test" library="Common" type="setup">
<kw name="open browser">
<arguments>
<arg>${URL}</arg>
<arg>${Browser}</arg>
</arguments>
<msg timestamp="20190618 11:34:21.908" level="FAIL">No keyword with name 'open browser' found.</msg>
<status status="FAIL" starttime="20190618 11:34:21.908" endtime="20190618 11:34:21.908"></status>
</kw>
<status status="FAIL" starttime="20190618 11:34:21.907" endtime="20190618 11:34:21.908"></status>
</kw>
<kw name="End Web test" library="Common" type="teardown">
<kw name="close browser">
<msg timestamp="20190618 11:34:21.910" level="FAIL">No keyword with name 'close browser' found.</msg>
<status status="FAIL" starttime="20190618 11:34:21.910" endtime="20190618 11:34:21.910"></status>
</kw>
<status status="FAIL" starttime="20190618 11:34:21.909" endtime="20190618 11:34:21.911">No keyword with name 'close browser' found.</status>
</kw>
<doc>This is smoke test...!</doc>
<tags>
<tag>Smoke</tag>
</tags>
<status status="FAIL" starttime="20190618 11:34:21.906" endtime="20190618 11:34:21.911" critical="yes">Setup failed:
No keyword with name 'open browser' found.

Also teardown failed:
No keyword with name 'close browser' found.</status>
</test>
<doc>This is my first test suite!!</doc>
<status status="FAIL" starttime="20190618 11:34:21.853" endtime="20190618 11:34:21.914"></status>
</suite>
<statistics>
<total>
<stat pass="0" fail="2">Critical Tests</stat>
<stat pass="0" fail="2">All Tests</stat>
</total>
<tag>
<stat pass="0" fail="1">Smoke</stat>
</tag>
<suite>
<stat pass="0" fail="2" id="s1" name="Locators">Locators</stat>
</suite>
</statistics>
<errors>
<msg timestamp="20190618 11:34:21.884" level="ERROR">Error in file 'C:\development\robot-scripts\firstproject_Main_clone\Resources\Amazon.robot': Importing test library 'SeleniumLibrary' failed: ModuleNotFoundError: No module named 'SeleniumLibrary'
Traceback (most recent call last):
  None
PYTHONPATH:
  C:\Users\Claudio\AppData\Local\Programs\Python\Python37\Scripts\robot.exe
  c:\users\claudio\appdata\local\programs\python\python37\python37.zip
  c:\users\claudio\appdata\local\programs\python\python37\DLLs
  c:\users\claudio\appdata\local\programs\python\python37\lib
  c:\users\claudio\appdata\local\programs\python\python37
  c:\users\claudio\appdata\local\programs\python\python37\lib\site-packages</msg>
<msg timestamp="20190618 11:34:21.886" level="ERROR">Error in file 'C:\development\robot-scripts\firstproject_Main_clone\Resources\Amazon.robot': Importing test library '../Libraries/MycustomLibrary' failed: ModuleNotFoundError: No module named '.'
Traceback (most recent call last):
  None
PYTHONPATH:
  C:\Users\Claudio\AppData\Local\Programs\Python\Python37\Scripts\robot.exe
  c:\users\claudio\appdata\local\programs\python\python37\python37.zip
  c:\users\claudio\appdata\local\programs\python\python37\DLLs
  c:\users\claudio\appdata\local\programs\python\python37\lib
  c:\users\claudio\appdata\local\programs\python\python37
  c:\users\claudio\appdata\local\programs\python\python37\lib\site-packages</msg>
<msg timestamp="20190618 11:34:21.893" level="ERROR">Error in file 'C:\development\robot-scripts\firstproject_Main_clone\Resources\Common.robot': Importing test library 'SeleniumLibrary' failed: ModuleNotFoundError: No module named 'SeleniumLibrary'
Traceback (most recent call last):
  None
PYTHONPATH:
  C:\Users\Claudio\AppData\Local\Programs\Python\Python37\Scripts\robot.exe
  c:\users\claudio\appdata\local\programs\python\python37\python37.zip
  c:\users\claudio\appdata\local\programs\python\python37\DLLs
  c:\users\claudio\appdata\local\programs\python\python37\lib
  c:\users\claudio\appdata\local\programs\python\python37
  c:\users\claudio\appdata\local\programs\python\python37\lib\site-packages</msg>
<msg timestamp="20190618 11:34:21.897" level="ERROR">Error in file 'C:\development\robot-scripts\firstproject_Main_clone\Resources\PO\LandingPage.robot': Importing test library 'SeleniumLibrary' failed: ModuleNotFoundError: No module named 'SeleniumLibrary'
Traceback (most recent call last):
  None
PYTHONPATH:
  C:\Users\Claudio\AppData\Local\Programs\Python\Python37\Scripts\robot.exe
  c:\users\claudio\appdata\local\programs\python\python37\python37.zip
  c:\users\claudio\appdata\local\programs\python\python37\DLLs
  c:\users\claudio\appdata\local\programs\python\python37\lib
  c:\users\claudio\appdata\local\programs\python\python37
  c:\users\claudio\appdata\local\programs\python\python37\lib\site-packages</msg>
</errors>
</robot>
